{"timestamp":"2025-08-28T01:06:00.321Z","level":"INFO","message":"System alerts requested","requestId":"err_meupdbak_pc6y2","userId":"e7d7d114-a50d-40b5-a313-e112e10bc033","pid":16192,"hostname":"unknown","service":"okit-boost","version":"1.0.0"}
{"timestamp":"2025-08-28T01:06:00.322Z","level":"INFO","message":"Realtime stats requested","requestId":"err_meupdbc7_imged","userId":"e7d7d114-a50d-40b5-a313-e112e10bc033","pid":16192,"hostname":"unknown","service":"okit-boost","version":"1.0.0"}
{"timestamp":"2025-08-28T01:06:00.324Z","level":"INFO","message":"Recent activity requested","requestId":"err_meupdbdl_78moe","userId":"e7d7d114-a50d-40b5-a313-e112e10bc033","limit":20,"type":null,"timeRange":"24h","pid":16192,"hostname":"unknown","service":"okit-boost","version":"1.0.0"}
{"timestamp":"2025-08-28T01:06:02.904Z","level":"INFO","message":"Realtime stats requested","requestId":"err_meupddeb_3yoxa","userId":"e7d7d114-a50d-40b5-a313-e112e10bc033","pid":16192,"hostname":"unknown","service":"okit-boost","version":"1.0.0"}
{"timestamp":"2025-08-28T01:06:02.947Z","level":"INFO","message":"Recent activity requested","requestId":"err_meupddfh_kz650","userId":"e7d7d114-a50d-40b5-a313-e112e10bc033","limit":20,"type":null,"timeRange":"24h","pid":16192,"hostname":"unknown","service":"okit-boost","version":"1.0.0"}
{"timestamp":"2025-08-28T01:06:03.379Z","level":"INFO","message":"System alerts requested","requestId":"err_meupddr1_agznw","userId":"e7d7d114-a50d-40b5-a313-e112e10bc033","pid":16192,"hostname":"unknown","service":"okit-boost","version":"1.0.0"}
{"timestamp":"2025-08-28T01:06:04.947Z","level":"INFO","message":"Recent activity requested","requestId":"err_meupdeyn_d2wc2","userId":"e7d7d114-a50d-40b5-a313-e112e10bc033","limit":20,"type":null,"timeRange":"24h","pid":16192,"hostname":"unknown","service":"okit-boost","version":"1.0.0"}
{"timestamp":"2025-08-28T01:06:05.558Z","level":"INFO","message":"Realtime stats requested","requestId":"err_meupdfg7_zc6zq","userId":"e7d7d114-a50d-40b5-a313-e112e10bc033","pid":16192,"hostname":"unknown","service":"okit-boost","version":"1.0.0"}
{"timestamp":"2025-08-28T01:06:06.137Z","level":"INFO","message":"System alerts requested","requestId":"err_meupdfw1_3i5wd","userId":"e7d7d114-a50d-40b5-a313-e112e10bc033","pid":16192,"hostname":"unknown","service":"okit-boost","version":"1.0.0"}
{"timestamp":"2025-08-28T01:06:23.430Z","level":"INFO","message":"Realtime stats requested","requestId":"err_meupdt8s_q2okb","userId":"e7d7d114-a50d-40b5-a313-e112e10bc033","pid":16192,"hostname":"unknown","service":"okit-boost","version":"1.0.0"}
{"timestamp":"2025-08-28T01:06:23.447Z","level":"INFO","message":"System alerts requested","requestId":"err_meupdt9e_fe8uk","userId":"e7d7d114-a50d-40b5-a313-e112e10bc033","pid":16192,"hostname":"unknown","service":"okit-boost","version":"1.0.0"}
{"timestamp":"2025-08-28T01:06:23.480Z","level":"INFO","message":"Recent activity requested","requestId":"err_meupdt9y_poyqf","userId":"e7d7d114-a50d-40b5-a313-e112e10bc033","limit":20,"type":null,"timeRange":"24h","pid":16192,"hostname":"unknown","service":"okit-boost","version":"1.0.0"}
{"timestamp":"2025-08-28T01:06:25.410Z","level":"INFO","message":"Recent activity requested","requestId":"err_meupduri_as2yx","userId":"e7d7d114-a50d-40b5-a313-e112e10bc033","limit":20,"type":null,"timeRange":"24h","pid":16192,"hostname":"unknown","service":"okit-boost","version":"1.0.0"}
{"timestamp":"2025-08-28T01:06:26.214Z","level":"INFO","message":"Realtime stats requested","requestId":"err_meupdve0_46cga","userId":"e7d7d114-a50d-40b5-a313-e112e10bc033","pid":16192,"hostname":"unknown","service":"okit-boost","version":"1.0.0"}
{"timestamp":"2025-08-28T01:06:26.476Z","level":"INFO","message":"System alerts requested","requestId":"err_meupdvlj_wpx0j","userId":"e7d7d114-a50d-40b5-a313-e112e10bc033","pid":16192,"hostname":"unknown","service":"okit-boost","version":"1.0.0"}
{"timestamp":"2025-08-28T01:06:53.455Z","level":"INFO","message":"Realtime stats requested","requestId":"err_meupegei_ne1c8","userId":"e7d7d114-a50d-40b5-a313-e112e10bc033","pid":16192,"hostname":"unknown","service":"okit-boost","version":"1.0.0"}
{"timestamp":"2025-08-28T01:06:53.480Z","level":"INFO","message":"Recent activity requested","requestId":"err_meupegfc_6le09","userId":"e7d7d114-a50d-40b5-a313-e112e10bc033","limit":20,"type":null,"timeRange":"24h","pid":16192,"hostname":"unknown","service":"okit-boost","version":"1.0.0"}
{"timestamp":"2025-08-28T01:06:53.494Z","level":"INFO","message":"System alerts requested","requestId":"err_meupegez_9x9t6","userId":"e7d7d114-a50d-40b5-a313-e112e10bc033","pid":16192,"hostname":"unknown","service":"okit-boost","version":"1.0.0"}
{"timestamp":"2025-08-28T01:07:23.427Z","level":"INFO","message":"Recent activity requested","requestId":"err_meupf3j6_qkv3y","userId":"e7d7d114-a50d-40b5-a313-e112e10bc033","limit":20,"type":null,"timeRange":"24h","pid":16192,"hostname":"unknown","service":"okit-boost","version":"1.0.0"}
{"timestamp":"2025-08-28T01:07:23.440Z","level":"INFO","message":"Realtime stats requested","requestId":"err_meupf3je_q55d1","userId":"e7d7d114-a50d-40b5-a313-e112e10bc033","pid":16192,"hostname":"unknown","service":"okit-boost","version":"1.0.0"}
{"timestamp":"2025-08-28T01:07:23.453Z","level":"INFO","message":"System alerts requested","requestId":"err_meupf3jr_r33f6","userId":"e7d7d114-a50d-40b5-a313-e112e10bc033","pid":16192,"hostname":"unknown","service":"okit-boost","version":"1.0.0"}
{"timestamp":"2025-08-28T01:07:53.334Z","level":"INFO","message":"System alerts requested","requestId":"err_meupfqm7_9uq96","userId":"e7d7d114-a50d-40b5-a313-e112e10bc033","pid":16192,"hostname":"unknown","service":"okit-boost","version":"1.0.0"}
{"timestamp":"2025-08-28T01:07:53.354Z","level":"INFO","message":"Recent activity requested","requestId":"err_meupfqmf_l6ha5","userId":"e7d7d114-a50d-40b5-a313-e112e10bc033","limit":20,"type":null,"timeRange":"24h","pid":16192,"hostname":"unknown","service":"okit-boost","version":"1.0.0"}
{"timestamp":"2025-08-28T01:07:53.504Z","level":"INFO","message":"Realtime stats requested","requestId":"err_meupfqqq_vw0z7","userId":"e7d7d114-a50d-40b5-a313-e112e10bc033","pid":16192,"hostname":"unknown","service":"okit-boost","version":"1.0.0"}
{"timestamp":"2025-08-28T01:08:23.420Z","level":"INFO","message":"System alerts requested","requestId":"err_meupgdtq_uoi1b","userId":"e7d7d114-a50d-40b5-a313-e112e10bc033","pid":16192,"hostname":"unknown","service":"okit-boost","version":"1.0.0"}
{"timestamp":"2025-08-28T01:08:23.441Z","level":"INFO","message":"Realtime stats requested","requestId":"err_meupgduc_7k5da","userId":"e7d7d114-a50d-40b5-a313-e112e10bc033","pid":16192,"hostname":"unknown","service":"okit-boost","version":"1.0.0"}
{"timestamp":"2025-08-28T01:08:23.467Z","level":"INFO","message":"Recent activity requested","requestId":"err_meupgduo_gxal0","userId":"e7d7d114-a50d-40b5-a313-e112e10bc033","limit":20,"type":null,"timeRange":"24h","pid":16192,"hostname":"unknown","service":"okit-boost","version":"1.0.0"}
{"timestamp":"2025-08-28T01:08:53.391Z","level":"INFO","message":"Realtime stats requested","requestId":"err_meuph0y5_aonxw","userId":"e7d7d114-a50d-40b5-a313-e112e10bc033","pid":16192,"hostname":"unknown","service":"okit-boost","version":"1.0.0"}
{"timestamp":"2025-08-28T01:08:53.420Z","level":"INFO","message":"Recent activity requested","requestId":"err_meuph0yr_38u1n","userId":"e7d7d114-a50d-40b5-a313-e112e10bc033","limit":20,"type":null,"timeRange":"24h","pid":16192,"hostname":"unknown","service":"okit-boost","version":"1.0.0"}
{"timestamp":"2025-08-28T01:08:53.437Z","level":"INFO","message":"System alerts requested","requestId":"err_meuph0z8_vo2cs","userId":"e7d7d114-a50d-40b5-a313-e112e10bc033","pid":16192,"hostname":"unknown","service":"okit-boost","version":"1.0.0"}
